2022-03-15 22:38:03,675 INFO c.a.e.EmployeeManagementApplication [main] Starting EmployeeManagementApplication using Java 1.8.0_322 on WinHtetAung with PID 27068 (D:\Projects\Employment Management System\employee-management\target\classes started by Win Htet Aung in D:\Projects\Employment Management System\employee-management)
2022-03-15 22:38:03,683 DEBUG c.a.e.EmployeeManagementApplication [main] Running with Spring Boot v2.6.4, Spring v5.3.16
2022-03-15 22:38:03,683 INFO c.a.e.EmployeeManagementApplication [main] No active profile set, falling back to 1 default profile: "default"
2022-03-15 22:38:05,168 INFO c.a.e.EmployeeManagementApplication [main] Started EmployeeManagementApplication in 1.8 seconds (JVM running for 2.599)
2022-03-15 22:39:27,724 DEBUG c.a.e.m.E.findByName [http-nio-8080-exec-7] ==>  Preparing: select * from employees where name like ?
2022-03-15 22:39:27,775 DEBUG c.a.e.m.E.findByName [http-nio-8080-exec-7] ==> Parameters: %naing%(String)
2022-03-15 22:39:27,833 DEBUG c.a.e.m.E.findByName [http-nio-8080-exec-7] <==      Total: 1
2022-03-15 22:39:32,620 DEBUG c.a.e.m.E.findByName [http-nio-8080-exec-9] ==>  Preparing: select * from employees where name like ?
2022-03-15 22:39:32,628 DEBUG c.a.e.m.E.findByName [http-nio-8080-exec-9] ==> Parameters: %kaung%(String)
2022-03-15 22:39:32,648 DEBUG c.a.e.m.E.findByName [http-nio-8080-exec-9] <==      Total: 2
2022-03-16 10:20:41,000 DEBUG c.a.e.m.E.create [http-nio-8080-exec-4] ==>  Preparing: insert into employees (name, email, dob, gender) values (?, ?, ?, ?)
2022-03-16 10:20:41,018 DEBUG c.a.e.m.E.create [http-nio-8080-exec-4] ==> Parameters: Eaindra Myint Mo(String), eaindramyintmo@gmail.com(String), 2000-07-07 06:30:00.0(Timestamp), female(String)
2022-03-16 10:20:41,026 DEBUG c.a.e.m.E.create [http-nio-8080-exec-4] <==    Updates: 1
2022-03-16 10:22:09,808 DEBUG c.a.e.m.E.findByName [http-nio-8080-exec-2] ==>  Preparing: select * from employees where name like ?
2022-03-16 10:22:09,808 DEBUG c.a.e.m.E.findByName [http-nio-8080-exec-2] ==> Parameters: %myint%(String)
2022-03-16 10:22:09,814 DEBUG c.a.e.m.E.findByName [http-nio-8080-exec-2] <==      Total: 2
2022-03-16 10:24:42,882 DEBUG c.a.e.m.E.delete [http-nio-8080-exec-7] ==>  Preparing: delete from employees where id = ?
2022-03-16 10:24:42,882 DEBUG c.a.e.m.E.delete [http-nio-8080-exec-7] ==> Parameters: 7(Long)
2022-03-16 10:24:42,891 DEBUG c.a.e.m.E.delete [http-nio-8080-exec-7] <==    Updates: 1
2022-03-16 10:25:00,716 INFO c.a.e.EmployeeManagementApplication [main] Starting EmployeeManagementApplication using Java 1.8.0_322 on WinHtetAung with PID 19308 (D:\Projects\Employment Management System\employee-management\target\classes started by Win Htet Aung in D:\Projects\Employment Management System\employee-management)
2022-03-16 10:25:00,716 DEBUG c.a.e.EmployeeManagementApplication [main] Running with Spring Boot v2.6.4, Spring v5.3.16
2022-03-16 10:25:00,716 INFO c.a.e.EmployeeManagementApplication [main] No active profile set, falling back to 1 default profile: "default"
2022-03-16 10:25:01,726 INFO c.a.e.EmployeeManagementApplication [main] Started EmployeeManagementApplication in 1.239 seconds (JVM running for 1.773)
2022-03-16 10:25:11,740 DEBUG c.a.e.m.E.create [http-nio-8080-exec-1] ==>  Preparing: insert into employees (name, email, dob, gender) values (?, ?, ?, ?)
2022-03-16 10:25:11,780 DEBUG c.a.e.m.E.create [http-nio-8080-exec-1] ==> Parameters: Eaindra Myint Mo(String), eaindramyintmo@gmail.com(String), 2000-07-07 06:30:00.0(Timestamp), female(String)
2022-03-16 10:25:11,788 DEBUG c.a.e.m.E.create [http-nio-8080-exec-1] <==    Updates: 1
2022-03-16 11:09:39,172 DEBUG c.a.e.m.E.delete [http-nio-8080-exec-9] ==>  Preparing: delete from employees where id = ?
2022-03-16 11:09:39,190 DEBUG c.a.e.m.E.delete [http-nio-8080-exec-9] ==> Parameters: 8(Long)
2022-03-16 11:09:39,201 DEBUG c.a.e.m.E.delete [http-nio-8080-exec-9] <==    Updates: 1
2022-03-16 11:09:53,706 DEBUG c.a.e.m.E.create [http-nio-8080-exec-10] ==>  Preparing: insert into employees (name, email, dob, gender) values (?, ?, ?, ?)
2022-03-16 11:09:53,706 DEBUG c.a.e.m.E.create [http-nio-8080-exec-10] ==> Parameters: Eaindra Myint Mo(String), eaindramyintmo@gmail.com(String), 2000-07-07 06:30:00.0(Timestamp), female(String)
2022-03-16 11:09:53,716 DEBUG c.a.e.m.E.create [http-nio-8080-exec-10] <==    Updates: 1
2022-03-16 11:11:13,117 DEBUG c.a.e.m.E.findById [http-nio-8080-exec-8] ==>  Preparing: select * from employees where id = ?
2022-03-16 11:11:13,136 DEBUG c.a.e.m.E.findById [http-nio-8080-exec-8] ==> Parameters: 9(Long)
2022-03-16 11:11:13,158 DEBUG c.a.e.m.E.findById [http-nio-8080-exec-8] <==      Total: 1
2022-03-16 11:11:13,164 DEBUG c.a.e.m.E.update [http-nio-8080-exec-8] ==>  Preparing: update employees set name = ?, email = ?, dob = ?, gender = ? where id = ?
2022-03-16 11:11:13,165 DEBUG c.a.e.m.E.update [http-nio-8080-exec-8] ==> Parameters: Eaindray Myint Mo(String), eaindraymm@gmail.com(String), 1999-09-09 06:30:00.0(Timestamp), female(String), 9(Long)
2022-03-16 11:11:13,169 DEBUG c.a.e.m.E.update [http-nio-8080-exec-8] <==    Updates: 1
2022-03-16 11:30:58,918 DEBUG c.a.e.m.E.findById [http-nio-8080-exec-6] ==>  Preparing: select * from employees where id = ?
2022-03-16 11:30:58,919 DEBUG c.a.e.m.E.findById [http-nio-8080-exec-6] ==> Parameters: 10(Long)
2022-03-16 11:30:58,922 DEBUG c.a.e.m.E.findById [http-nio-8080-exec-6] <==      Total: 0
2022-03-16 11:31:13,392 DEBUG c.a.e.m.E.findById [http-nio-8080-exec-3] ==>  Preparing: select * from employees where id = ?
2022-03-16 11:31:13,393 DEBUG c.a.e.m.E.findById [http-nio-8080-exec-3] ==> Parameters: 10(Long)
2022-03-16 11:31:13,395 DEBUG c.a.e.m.E.findById [http-nio-8080-exec-3] <==      Total: 0
2022-03-16 12:06:21,057 DEBUG c.a.e.m.E.findById [http-nio-8080-exec-8] ==>  Preparing: select * from employees where id = ?
2022-03-16 12:06:21,059 DEBUG c.a.e.m.E.findById [http-nio-8080-exec-8] ==> Parameters: 1(Long)
2022-03-16 12:06:21,062 DEBUG c.a.e.m.E.findById [http-nio-8080-exec-8] <==      Total: 1
2022-03-16 12:07:15,655 DEBUG c.a.e.m.E.findByName [http-nio-8080-exec-3] ==>  Preparing: select * from employees where name like ?
2022-03-16 12:07:15,661 DEBUG c.a.e.m.E.findByName [http-nio-8080-exec-3] ==> Parameters: %1%(String)
2022-03-16 12:07:15,663 DEBUG c.a.e.m.E.findByName [http-nio-8080-exec-3] <==      Total: 0
2022-03-16 12:28:31,476 DEBUG c.a.e.m.E.delete [http-nio-8080-exec-8] ==>  Preparing: delete from employees where id = ?
2022-03-16 12:28:31,489 DEBUG c.a.e.m.E.delete [http-nio-8080-exec-8] ==> Parameters: 15(Long)
2022-03-16 12:28:31,504 DEBUG c.a.e.m.E.delete [http-nio-8080-exec-8] <==    Updates: 0
2022-03-16 12:29:16,631 DEBUG c.a.e.m.E.delete [http-nio-8080-exec-9] ==>  Preparing: delete from employees where id = ?
2022-03-16 12:29:16,632 DEBUG c.a.e.m.E.delete [http-nio-8080-exec-9] ==> Parameters: 15(Long)
2022-03-16 12:29:16,632 DEBUG c.a.e.m.E.delete [http-nio-8080-exec-9] <==    Updates: 0
2022-03-16 12:29:19,610 DEBUG c.a.e.m.E.delete [http-nio-8080-exec-10] ==>  Preparing: delete from employees where id = ?
2022-03-16 12:29:19,610 DEBUG c.a.e.m.E.delete [http-nio-8080-exec-10] ==> Parameters: 15(Long)
2022-03-16 12:29:19,616 DEBUG c.a.e.m.E.delete [http-nio-8080-exec-10] <==    Updates: 0
2022-03-16 13:06:37,043 INFO c.a.e.EmployeeManagementApplication [main] Starting EmployeeManagementApplication using Java 1.8.0_322 on WinHtetAung with PID 21404 (D:\Projects\Employment Management System\employee-management\target\classes started by Win Htet Aung in D:\Projects\Employment Management System\employee-management)
2022-03-16 13:06:37,047 DEBUG c.a.e.EmployeeManagementApplication [main] Running with Spring Boot v2.6.4, Spring v5.3.16
2022-03-16 13:06:37,047 INFO c.a.e.EmployeeManagementApplication [main] No active profile set, falling back to 1 default profile: "default"
2022-03-16 13:06:38,397 INFO c.a.e.EmployeeManagementApplication [main] Started EmployeeManagementApplication in 1.786 seconds (JVM running for 2.919)
2022-03-16 13:06:54,629 DEBUG c.a.e.m.E.findById [http-nio-8080-exec-6] ==>  Preparing: select * from employees where id = ?
2022-03-16 13:06:54,680 DEBUG c.a.e.m.E.findById [http-nio-8080-exec-6] ==> Parameters: 100(Long)
2022-03-16 13:06:54,721 DEBUG c.a.e.m.E.findById [http-nio-8080-exec-6] <==      Total: 0
2022-03-16 13:06:54,746 ERROR o.a.c.c.C.[.[.[.[dispatcherServlet] [http-nio-8080-exec-6] Servlet.service() for servlet [dispatcherServlet] in context with path [] threw exception [Request processing failed; nested exception is com.assignment.employeemanagement.exception.ResourceNotFoundException] with root cause
com.assignment.employeemanagement.exception.ResourceNotFoundException: null
	at com.assignment.employeemanagement.controller.EmployeeController.getEmployeeById(EmployeeController.java:52) ~[classes/:?]
	at sun.reflect.NativeMethodAccessorImpl.invoke0(Native Method) ~[?:1.8.0_322]
	at sun.reflect.NativeMethodAccessorImpl.invoke(NativeMethodAccessorImpl.java:62) ~[?:1.8.0_322]
	at sun.reflect.DelegatingMethodAccessorImpl.invoke(DelegatingMethodAccessorImpl.java:43) ~[?:1.8.0_322]
	at java.lang.reflect.Method.invoke(Method.java:498) ~[?:1.8.0_322]
	at org.springframework.web.method.support.InvocableHandlerMethod.doInvoke(InvocableHandlerMethod.java:205) ~[spring-web-5.3.16.jar:5.3.16]
	at org.springframework.web.method.support.InvocableHandlerMethod.invokeForRequest(InvocableHandlerMethod.java:150) ~[spring-web-5.3.16.jar:5.3.16]
	at org.springframework.web.servlet.mvc.method.annotation.ServletInvocableHandlerMethod.invokeAndHandle(ServletInvocableHandlerMethod.java:117) ~[spring-webmvc-5.3.16.jar:5.3.16]
	at org.springframework.web.servlet.mvc.method.annotation.RequestMappingHandlerAdapter.invokeHandlerMethod(RequestMappingHandlerAdapter.java:895) ~[spring-webmvc-5.3.16.jar:5.3.16]
	at org.springframework.web.servlet.mvc.method.annotation.RequestMappingHandlerAdapter.handleInternal(RequestMappingHandlerAdapter.java:808) ~[spring-webmvc-5.3.16.jar:5.3.16]
	at org.springframework.web.servlet.mvc.method.AbstractHandlerMethodAdapter.handle(AbstractHandlerMethodAdapter.java:87) ~[spring-webmvc-5.3.16.jar:5.3.16]
	at org.springframework.web.servlet.DispatcherServlet.doDispatch(DispatcherServlet.java:1067) ~[spring-webmvc-5.3.16.jar:5.3.16]
	at org.springframework.web.servlet.DispatcherServlet.doService(DispatcherServlet.java:963) ~[spring-webmvc-5.3.16.jar:5.3.16]
	at org.springframework.web.servlet.FrameworkServlet.processRequest(FrameworkServlet.java:1006) ~[spring-webmvc-5.3.16.jar:5.3.16]
	at org.springframework.web.servlet.FrameworkServlet.doGet(FrameworkServlet.java:898) ~[spring-webmvc-5.3.16.jar:5.3.16]
	at javax.servlet.http.HttpServlet.service(HttpServlet.java:655) ~[tomcat-embed-core-9.0.58.jar:4.0.FR]
	at org.springframework.web.servlet.FrameworkServlet.service(FrameworkServlet.java:883) ~[spring-webmvc-5.3.16.jar:5.3.16]
	at javax.servlet.http.HttpServlet.service(HttpServlet.java:764) ~[tomcat-embed-core-9.0.58.jar:4.0.FR]
	at org.apache.catalina.core.ApplicationFilterChain.internalDoFilter(ApplicationFilterChain.java:227) ~[tomcat-embed-core-9.0.58.jar:9.0.58]
	at org.apache.catalina.core.ApplicationFilterChain.doFilter(ApplicationFilterChain.java:162) ~[tomcat-embed-core-9.0.58.jar:9.0.58]
	at org.apache.tomcat.websocket.server.WsFilter.doFilter(WsFilter.java:53) ~[tomcat-embed-websocket-9.0.58.jar:9.0.58]
	at org.apache.catalina.core.ApplicationFilterChain.internalDoFilter(ApplicationFilterChain.java:189) ~[tomcat-embed-core-9.0.58.jar:9.0.58]
	at org.apache.catalina.core.ApplicationFilterChain.doFilter(ApplicationFilterChain.java:162) ~[tomcat-embed-core-9.0.58.jar:9.0.58]
	at org.springframework.web.filter.RequestContextFilter.doFilterInternal(RequestContextFilter.java:100) ~[spring-web-5.3.16.jar:5.3.16]
	at org.springframework.web.filter.OncePerRequestFilter.doFilter(OncePerRequestFilter.java:117) ~[spring-web-5.3.16.jar:5.3.16]
	at org.apache.catalina.core.ApplicationFilterChain.internalDoFilter(ApplicationFilterChain.java:189) ~[tomcat-embed-core-9.0.58.jar:9.0.58]
	at org.apache.catalina.core.ApplicationFilterChain.doFilter(ApplicationFilterChain.java:162) ~[tomcat-embed-core-9.0.58.jar:9.0.58]
	at org.springframework.web.filter.FormContentFilter.doFilterInternal(FormContentFilter.java:93) ~[spring-web-5.3.16.jar:5.3.16]
	at org.springframework.web.filter.OncePerRequestFilter.doFilter(OncePerRequestFilter.java:117) ~[spring-web-5.3.16.jar:5.3.16]
	at org.apache.catalina.core.ApplicationFilterChain.internalDoFilter(ApplicationFilterChain.java:189) ~[tomcat-embed-core-9.0.58.jar:9.0.58]
	at org.apache.catalina.core.ApplicationFilterChain.doFilter(ApplicationFilterChain.java:162) ~[tomcat-embed-core-9.0.58.jar:9.0.58]
	at org.springframework.web.filter.CharacterEncodingFilter.doFilterInternal(CharacterEncodingFilter.java:201) ~[spring-web-5.3.16.jar:5.3.16]
	at org.springframework.web.filter.OncePerRequestFilter.doFilter(OncePerRequestFilter.java:117) ~[spring-web-5.3.16.jar:5.3.16]
	at org.apache.catalina.core.ApplicationFilterChain.internalDoFilter(ApplicationFilterChain.java:189) ~[tomcat-embed-core-9.0.58.jar:9.0.58]
	at org.apache.catalina.core.ApplicationFilterChain.doFilter(ApplicationFilterChain.java:162) ~[tomcat-embed-core-9.0.58.jar:9.0.58]
	at org.apache.catalina.core.StandardWrapperValve.invoke(StandardWrapperValve.java:197) [tomcat-embed-core-9.0.58.jar:9.0.58]
	at org.apache.catalina.core.StandardContextValve.invoke(StandardContextValve.java:97) [tomcat-embed-core-9.0.58.jar:9.0.58]
	at org.apache.catalina.authenticator.AuthenticatorBase.invoke(AuthenticatorBase.java:540) [tomcat-embed-core-9.0.58.jar:9.0.58]
	at org.apache.catalina.core.StandardHostValve.invoke(StandardHostValve.java:135) [tomcat-embed-core-9.0.58.jar:9.0.58]
	at org.apache.catalina.valves.ErrorReportValve.invoke(ErrorReportValve.java:92) [tomcat-embed-core-9.0.58.jar:9.0.58]
	at org.apache.catalina.core.StandardEngineValve.invoke(StandardEngineValve.java:78) [tomcat-embed-core-9.0.58.jar:9.0.58]
	at org.apache.catalina.connector.CoyoteAdapter.service(CoyoteAdapter.java:359) [tomcat-embed-core-9.0.58.jar:9.0.58]
	at org.apache.coyote.http11.Http11Processor.service(Http11Processor.java:399) [tomcat-embed-core-9.0.58.jar:9.0.58]
	at org.apache.coyote.AbstractProcessorLight.process(AbstractProcessorLight.java:65) [tomcat-embed-core-9.0.58.jar:9.0.58]
	at org.apache.coyote.AbstractProtocol$ConnectionHandler.process(AbstractProtocol.java:889) [tomcat-embed-core-9.0.58.jar:9.0.58]
	at org.apache.tomcat.util.net.NioEndpoint$SocketProcessor.doRun(NioEndpoint.java:1735) [tomcat-embed-core-9.0.58.jar:9.0.58]
	at org.apache.tomcat.util.net.SocketProcessorBase.run(SocketProcessorBase.java:49) [tomcat-embed-core-9.0.58.jar:9.0.58]
	at org.apache.tomcat.util.threads.ThreadPoolExecutor.runWorker(ThreadPoolExecutor.java:1191) [tomcat-embed-core-9.0.58.jar:9.0.58]
	at org.apache.tomcat.util.threads.ThreadPoolExecutor$Worker.run(ThreadPoolExecutor.java:659) [tomcat-embed-core-9.0.58.jar:9.0.58]
	at org.apache.tomcat.util.threads.TaskThread$WrappingRunnable.run(TaskThread.java:61) [tomcat-embed-core-9.0.58.jar:9.0.58]
	at java.lang.Thread.run(Thread.java:750) [?:1.8.0_322]
2022-03-16 13:12:33,143 INFO c.a.e.EmployeeManagementApplication [main] Starting EmployeeManagementApplication using Java 1.8.0_322 on WinHtetAung with PID 20228 (D:\Projects\Employment Management System\employee-management\target\classes started by Win Htet Aung in D:\Projects\Employment Management System\employee-management)
2022-03-16 13:12:33,152 DEBUG c.a.e.EmployeeManagementApplication [main] Running with Spring Boot v2.6.4, Spring v5.3.16
2022-03-16 13:12:33,152 INFO c.a.e.EmployeeManagementApplication [main] No active profile set, falling back to 1 default profile: "default"
2022-03-16 13:12:35,251 INFO c.a.e.EmployeeManagementApplication [main] Started EmployeeManagementApplication in 2.492 seconds (JVM running for 3.233)
2022-03-16 13:12:41,086 DEBUG c.a.e.m.E.findById [http-nio-8080-exec-3] ==>  Preparing: select * from employees where id = ?
2022-03-16 13:12:41,120 DEBUG c.a.e.m.E.findById [http-nio-8080-exec-3] ==> Parameters: 100(Long)
2022-03-16 13:12:41,136 DEBUG c.a.e.m.E.findById [http-nio-8080-exec-3] <==      Total: 0
2022-03-16 13:15:09,313 DEBUG c.a.e.m.E.findById [http-nio-8080-exec-2] ==>  Preparing: select * from employees where id = ?
2022-03-16 13:15:09,314 DEBUG c.a.e.m.E.findById [http-nio-8080-exec-2] ==> Parameters: 100(Long)
2022-03-16 13:15:09,326 DEBUG c.a.e.m.E.findById [http-nio-8080-exec-2] <==      Total: 0
2022-03-16 13:15:20,818 INFO c.a.e.EmployeeManagementApplication [main] Starting EmployeeManagementApplication using Java 1.8.0_322 on WinHtetAung with PID 22024 (D:\Projects\Employment Management System\employee-management\target\classes started by Win Htet Aung in D:\Projects\Employment Management System\employee-management)
2022-03-16 13:15:20,853 DEBUG c.a.e.EmployeeManagementApplication [main] Running with Spring Boot v2.6.4, Spring v5.3.16
2022-03-16 13:15:20,853 INFO c.a.e.EmployeeManagementApplication [main] No active profile set, falling back to 1 default profile: "default"
2022-03-16 13:15:22,156 INFO c.a.e.EmployeeManagementApplication [main] Started EmployeeManagementApplication in 1.583 seconds (JVM running for 2.404)
2022-03-16 13:15:28,681 DEBUG c.a.e.m.E.findById [http-nio-8080-exec-2] ==>  Preparing: select * from employees where id = ?
2022-03-16 13:15:28,698 DEBUG c.a.e.m.E.findById [http-nio-8080-exec-2] ==> Parameters: 100(Long)
2022-03-16 13:15:28,706 DEBUG c.a.e.m.E.findById [http-nio-8080-exec-2] <==      Total: 0
2022-03-16 13:15:34,287 DEBUG c.a.e.m.E.findById [http-nio-8080-exec-4] ==>  Preparing: select * from employees where id = ?
2022-03-16 13:15:34,287 DEBUG c.a.e.m.E.findById [http-nio-8080-exec-4] ==> Parameters: 1(Long)
2022-03-16 13:15:34,296 DEBUG c.a.e.m.E.findById [http-nio-8080-exec-4] <==      Total: 1
2022-03-16 13:15:40,421 DEBUG c.a.e.m.E.findById [http-nio-8080-exec-3] ==>  Preparing: select * from employees where id = ?
2022-03-16 13:15:40,429 DEBUG c.a.e.m.E.findById [http-nio-8080-exec-3] ==> Parameters: 100(Long)
2022-03-16 13:15:40,429 DEBUG c.a.e.m.E.findById [http-nio-8080-exec-3] <==      Total: 0
2022-03-16 13:18:49,429 DEBUG c.a.e.m.E.findById [http-nio-8080-exec-7] ==>  Preparing: select * from employees where id = ?
2022-03-16 13:18:49,429 DEBUG c.a.e.m.E.findById [http-nio-8080-exec-7] ==> Parameters: 90(Long)
2022-03-16 13:18:49,439 DEBUG c.a.e.m.E.findById [http-nio-8080-exec-7] <==      Total: 0
2022-03-16 13:23:30,303 INFO c.a.e.EmployeeManagementApplication [main] Starting EmployeeManagementApplication using Java 1.8.0_322 on WinHtetAung with PID 25860 (D:\Projects\Employment Management System\employee-management\target\classes started by Win Htet Aung in D:\Projects\Employment Management System\employee-management)
2022-03-16 13:23:30,319 DEBUG c.a.e.EmployeeManagementApplication [main] Running with Spring Boot v2.6.4, Spring v5.3.16
2022-03-16 13:23:30,319 INFO c.a.e.EmployeeManagementApplication [main] No active profile set, falling back to 1 default profile: "default"
2022-03-16 13:23:31,851 INFO c.a.e.EmployeeManagementApplication [main] Started EmployeeManagementApplication in 1.837 seconds (JVM running for 2.58)
2022-03-16 13:24:11,764 DEBUG c.a.e.m.E.findById [http-nio-8080-exec-2] ==>  Preparing: select * from employees where id = ?
2022-03-16 13:24:11,827 DEBUG c.a.e.m.E.findById [http-nio-8080-exec-2] ==> Parameters: 100(Long)
2022-03-16 13:24:11,859 DEBUG c.a.e.m.E.findById [http-nio-8080-exec-2] <==      Total: 0
2022-03-16 13:27:10,651 INFO c.a.e.EmployeeManagementApplication [main] Starting EmployeeManagementApplication using Java 1.8.0_322 on WinHtetAung with PID 19908 (D:\Projects\Employment Management System\employee-management\target\classes started by Win Htet Aung in D:\Projects\Employment Management System\employee-management)
2022-03-16 13:27:10,658 DEBUG c.a.e.EmployeeManagementApplication [main] Running with Spring Boot v2.6.4, Spring v5.3.16
2022-03-16 13:27:10,658 INFO c.a.e.EmployeeManagementApplication [main] No active profile set, falling back to 1 default profile: "default"
2022-03-16 13:27:12,265 INFO c.a.e.EmployeeManagementApplication [main] Started EmployeeManagementApplication in 1.878 seconds (JVM running for 2.634)
2022-03-16 13:27:13,975 DEBUG c.a.e.m.E.findById [http-nio-8080-exec-2] ==>  Preparing: select * from employees where id = ?
2022-03-16 13:27:14,008 DEBUG c.a.e.m.E.findById [http-nio-8080-exec-2] ==> Parameters: 100(Long)
2022-03-16 13:27:14,041 DEBUG c.a.e.m.E.findById [http-nio-8080-exec-2] <==      Total: 0
2022-03-16 13:30:03,899 INFO c.a.e.EmployeeManagementApplication [main] Starting EmployeeManagementApplication using Java 1.8.0_322 on WinHtetAung with PID 14376 (D:\Projects\Employment Management System\employee-management\target\classes started by Win Htet Aung in D:\Projects\Employment Management System\employee-management)
2022-03-16 13:30:03,906 DEBUG c.a.e.EmployeeManagementApplication [main] Running with Spring Boot v2.6.4, Spring v5.3.16
2022-03-16 13:30:03,907 INFO c.a.e.EmployeeManagementApplication [main] No active profile set, falling back to 1 default profile: "default"
2022-03-16 14:05:43,300 INFO c.a.e.EmployeeManagementApplication [main] Starting EmployeeManagementApplication using Java 1.8.0_322 on WinHtetAung with PID 3116 (D:\Projects\Employment Management System\employee-management\target\classes started by Win Htet Aung in D:\Projects\Employment Management System\employee-management)
2022-03-16 14:05:43,307 DEBUG c.a.e.EmployeeManagementApplication [main] Running with Spring Boot v2.6.4, Spring v5.3.16
2022-03-16 14:05:43,308 INFO c.a.e.EmployeeManagementApplication [main] No active profile set, falling back to 1 default profile: "default"
2022-03-16 14:05:44,241 INFO c.a.e.EmployeeManagementApplication [main] Started EmployeeManagementApplication in 1.171 seconds (JVM running for 1.751)
2022-03-16 14:05:59,439 DEBUG c.a.e.m.E.findById [http-nio-8080-exec-2] ==>  Preparing: select * from employees where id = ?
2022-03-16 14:05:59,465 DEBUG c.a.e.m.E.findById [http-nio-8080-exec-2] ==> Parameters: 100(Long)
2022-03-16 14:05:59,480 DEBUG c.a.e.m.E.findById [http-nio-8080-exec-2] <==      Total: 0
2022-03-16 14:12:04,045 INFO c.a.e.EmployeeManagementApplication [main] Starting EmployeeManagementApplication using Java 1.8.0_322 on WinHtetAung with PID 26808 (D:\Projects\Employment Management System\employee-management\target\classes started by Win Htet Aung in D:\Projects\Employment Management System\employee-management)
2022-03-16 14:12:04,048 DEBUG c.a.e.EmployeeManagementApplication [main] Running with Spring Boot v2.6.4, Spring v5.3.16
2022-03-16 14:12:04,048 INFO c.a.e.EmployeeManagementApplication [main] No active profile set, falling back to 1 default profile: "default"
2022-03-16 14:12:04,995 INFO c.a.e.EmployeeManagementApplication [main] Started EmployeeManagementApplication in 1.185 seconds (JVM running for 1.728)
2022-03-16 14:12:13,142 DEBUG c.a.e.m.E.findById [http-nio-8080-exec-7] ==>  Preparing: select * from employees where id = ?
2022-03-16 14:12:13,174 DEBUG c.a.e.m.E.findById [http-nio-8080-exec-7] ==> Parameters: 100(Long)
2022-03-16 14:12:13,198 DEBUG c.a.e.m.E.findById [http-nio-8080-exec-7] <==      Total: 0
2022-03-16 14:12:22,753 DEBUG c.a.e.m.E.findById [http-nio-8080-exec-4] ==>  Preparing: select * from employees where id = ?
2022-03-16 14:12:22,753 DEBUG c.a.e.m.E.findById [http-nio-8080-exec-4] ==> Parameters: 100(Long)
2022-03-16 14:12:22,753 DEBUG c.a.e.m.E.findById [http-nio-8080-exec-4] <==      Total: 0
2022-03-16 14:38:30,046 INFO c.a.e.EmployeeManagementApplication [main] Starting EmployeeManagementApplication using Java 1.8.0_322 on WinHtetAung with PID 25852 (D:\Projects\Employment Management System\employee-management\target\classes started by Win Htet Aung in D:\Projects\Employment Management System\employee-management)
2022-03-16 14:38:30,082 DEBUG c.a.e.EmployeeManagementApplication [main] Running with Spring Boot v2.6.4, Spring v5.3.16
2022-03-16 14:38:30,084 INFO c.a.e.EmployeeManagementApplication [main] No active profile set, falling back to 1 default profile: "default"
2022-03-16 14:38:31,030 INFO c.a.e.EmployeeManagementApplication [main] Started EmployeeManagementApplication in 1.184 seconds (JVM running for 1.74)
2022-03-16 14:38:42,296 DEBUG c.a.e.m.E.findById [http-nio-8080-exec-7] ==>  Preparing: select * from employees where id = ?
2022-03-16 14:38:42,312 DEBUG c.a.e.m.E.findById [http-nio-8080-exec-7] ==> Parameters: 100(Long)
2022-03-16 14:38:42,328 DEBUG c.a.e.m.E.findById [http-nio-8080-exec-7] <==      Total: 0
2022-03-16 14:42:54,858 INFO c.a.e.EmployeeManagementApplication [main] Starting EmployeeManagementApplication using Java 1.8.0_322 on WinHtetAung with PID 21772 (D:\Projects\Employment Management System\employee-management\target\classes started by Win Htet Aung in D:\Projects\Employment Management System\employee-management)
2022-03-16 14:42:54,858 DEBUG c.a.e.EmployeeManagementApplication [main] Running with Spring Boot v2.6.4, Spring v5.3.16
2022-03-16 14:42:54,858 INFO c.a.e.EmployeeManagementApplication [main] No active profile set, falling back to 1 default profile: "default"
2022-03-16 14:42:55,784 INFO c.a.e.EmployeeManagementApplication [main] Started EmployeeManagementApplication in 1.155 seconds (JVM running for 1.692)
2022-03-16 14:44:07,646 INFO c.a.e.EmployeeManagementApplication [main] Starting EmployeeManagementApplication using Java 1.8.0_322 on WinHtetAung with PID 18920 (D:\Projects\Employment Management System\employee-management\target\classes started by Win Htet Aung in D:\Projects\Employment Management System\employee-management)
2022-03-16 14:44:07,654 DEBUG c.a.e.EmployeeManagementApplication [main] Running with Spring Boot v2.6.4, Spring v5.3.16
2022-03-16 14:44:07,654 INFO c.a.e.EmployeeManagementApplication [main] No active profile set, falling back to 1 default profile: "default"
2022-03-16 14:44:08,603 INFO c.a.e.EmployeeManagementApplication [main] Started EmployeeManagementApplication in 1.197 seconds (JVM running for 1.757)
2022-03-16 15:48:19,651 INFO c.a.e.EmployeeManagementApplicationTests [main] Starting EmployeeManagementApplicationTests using Java 1.8.0_322 on WinHtetAung with PID 22084 (started by Win Htet Aung in D:\Projects\Employment Management System\employee-management)
2022-03-16 15:48:19,667 DEBUG c.a.e.EmployeeManagementApplicationTests [main] Running with Spring Boot v2.6.4, Spring v5.3.16
2022-03-16 15:48:19,667 INFO c.a.e.EmployeeManagementApplicationTests [main] No active profile set, falling back to 1 default profile: "default"
2022-03-16 15:48:21,325 INFO c.a.e.EmployeeManagementApplicationTests [main] Started EmployeeManagementApplicationTests in 1.932 seconds (JVM running for 3.374)
